<?xml version="1.0" encoding="UTF-8"?>
<testsuite xmlns:xsi="http://www.w3.org/2001/XMLSchema-instance" xsi:noNamespaceSchemaLocation="https://maven.apache.org/surefire/maven-surefire-plugin/xsd/surefire-test-report-3.0.xsd" version="3.0" name="com.apex.judge.service.JudgeOopArchitectureTest" time="0.092" tests="4" errors="0" skipped="0" failures="0">
  <properties>
[...]
</properties>
  <testcase name="testJudgeStrategyWrongAnswer" classname="com.apex.judge.service.JudgeOopArchitectureTest" time="0.004"/>
  <testcase name="testPolymorphicExecutors" classname="com.apex.judge.service.JudgeOopArchitectureTest" time="0.004"/>
  <testcase name="testJudgeStrategyTimeLimitExceeded" classname="com.apex.judge.service.JudgeOopArchitectureTest" time="0.001"/>
  <testcase name="testJudgeStrategyAcceptance" classname="com.apex.judge.service.JudgeOopArchitectureTest" time="0.015"/>
</testsuite>